npm WARN config global `--global`, `--local` are deprecated. Use `--location=global` instead.

> @fed-exam/server@1.0.0 start
> ts-node-dev index.ts

[INFO] 01:46:37 ts-node-dev ver. 1.1.0 (using ts-node ver. 9.1.1, typescript ver. 3.9.10)
Compilation error in C:\study\ts\CDALab-Exam\server\index.ts
[ERROR] 01:46:41 ⨯ Unable to compile TypeScript:
index.ts(2,1): error TS1202: Import assignment cannot be used when targeting ECMAScript modules. Consider using 'import * as ns from "mod"', 'import {a} from "mod"', 'import d from "mod"', or another module format instead.

[INFO] 01:47:25 Restarting: C:\study\ts\CDALab-Exam\server\index.ts has been modified
Compilation error in C:\study\ts\CDALab-Exam\server\index.ts
[ERROR] 01:47:28 ⨯ Unable to compile TypeScript:
index.ts(16,9): error TS2304: Cannot find name 'bodyParser'.

[INFO] 01:47:28 Restarting: C:\study\ts\CDALab-Exam\server\index.ts has been modified
(node:24724) Warning: To load an ES module, set "type": "module" in the package.json or use the .mjs extension.
(Use `node --trace-warnings ...` to show where the warning was created)
C:\study\ts\CDALab-Exam\server\index.ts:1
import express from 'express';
^^^^^^

SyntaxError: Cannot use import statement outside a module
    at Object.compileFunction (node:vm:352:18)
    at wrapSafe (node:internal/modules/cjs/loader:1033:15)
    at Module._compile (node:internal/modules/cjs/loader:1069:27)
    at Module._compile (C:\study\ts\CDALab-Exam\server\node_modules\source-map-support\source-map-support.js:568:25)
    at Module.m._compile (C:\Users\5C80~1\AppData\Local\Temp\ts-node-dev-hook-9745166305448791.js:69:33)
    at Module._extensions..js (node:internal/modules/cjs/loader:1159:10)
    at require.extensions..jsx.require.extensions..js (C:\Users\5C80~1\AppData\Local\Temp\ts-node-dev-hook-9745166305448791.js:114:20)
    at require.extensions.<computed> (C:\Users\5C80~1\AppData\Local\Temp\ts-node-dev-hook-9745166305448791.js:71:20)
    at Object.nodeDevHook [as .ts] (C:\study\ts\CDALab-Exam\server\node_modules\ts-node-dev\lib\hook.js:63:13)
    at Module.load (node:internal/modules/cjs/loader:981:32)
[ERROR] 01:47:30 SyntaxError: Cannot use import statement outside a module
[INFO] 01:47:51 Restarting: C:\study\ts\CDALab-Exam\server\index.ts has been modified
Compilation error in C:\study\ts\CDALab-Exam\server\index.ts
[ERROR] 01:47:51 ⨯ Unable to compile TypeScript:
index.ts(9,13): error TS2304: Cannot find name 'express'.
index.ts(10,9): error TS2304: Cannot find name 'express'.
index.ts(11,9): error TS2304: Cannot find name 'express'.
index.ts(16,10): error TS7006: Parameter '_' implicitly has an 'any' type.
index.ts(16,13): error TS7006: Parameter 'res' implicitly has an 'any' type.
index.ts(16,18): error TS7006: Parameter 'next' implicitly has an 'any' type.
index.ts(23,19): error TS7006: Parameter 'req' implicitly has an 'any' type.
index.ts(23,24): error TS7006: Parameter 'res' implicitly has an 'any' type.
index.ts(33,36): error TS7006: Parameter 'req' implicitly has an 'any' type.
index.ts(33,40): error TS7006: Parameter 'res' implicitly has an 'any' type.

[INFO] 01:47:52 Restarting: C:\study\ts\CDALab-Exam\server\index.ts has been modified
(node:12408) Warning: To load an ES module, set "type": "module" in the package.json or use the .mjs extension.
(Use `node --trace-warnings ...` to show where the warning was created)
C:\study\ts\CDALab-Exam\server\index.ts:1
import { tempData } from './temp-data';
^^^^^^

SyntaxError: Cannot use import statement outside a module
    at Object.compileFunction (node:vm:352:18)
    at wrapSafe (node:internal/modules/cjs/loader:1033:15)
    at Module._compile (node:internal/modules/cjs/loader:1069:27)
    at Module._compile (C:\study\ts\CDALab-Exam\server\node_modules\source-map-support\source-map-support.js:568:25)
    at Module.m._compile (C:\Users\5C80~1\AppData\Local\Temp\ts-node-dev-hook-9745166305448791.js:69:33)
    at Module._extensions..js (node:internal/modules/cjs/loader:1159:10)
    at require.extensions..jsx.require.extensions..js (C:\Users\5C80~1\AppData\Local\Temp\ts-node-dev-hook-9745166305448791.js:114:20)
    at require.extensions.<computed> (C:\Users\5C80~1\AppData\Local\Temp\ts-node-dev-hook-9745166305448791.js:71:20)
    at Object.nodeDevHook [as .ts] (C:\study\ts\CDALab-Exam\server\node_modules\ts-node-dev\lib\hook.js:63:13)
    at Module.load (node:internal/modules/cjs/loader:981:32)
[ERROR] 01:47:54 SyntaxError: Cannot use import statement outside a module
[INFO] 01:48:38 Restarting: C:\study\ts\CDALab-Exam\server\index.ts has been modified
(node:31420) Warning: To load an ES module, set "type": "module" in the package.json or use the .mjs extension.
(Use `node --trace-warnings ...` to show where the warning was created)
C:\study\ts\CDALab-Exam\server\index.ts:1
import express from 'express';
^^^^^^

SyntaxError: Cannot use import statement outside a module
    at Object.compileFunction (node:vm:352:18)
    at wrapSafe (node:internal/modules/cjs/loader:1033:15)
    at Module._compile (node:internal/modules/cjs/loader:1069:27)
    at Module._compile (C:\study\ts\CDALab-Exam\server\node_modules\source-map-support\source-map-support.js:568:25)
    at Module.m._compile (C:\Users\5C80~1\AppData\Local\Temp\ts-node-dev-hook-9745166305448791.js:69:33)
    at Module._extensions..js (node:internal/modules/cjs/loader:1159:10)
    at require.extensions..jsx.require.extensions..js (C:\Users\5C80~1\AppData\Local\Temp\ts-node-dev-hook-9745166305448791.js:114:20)
    at require.extensions.<computed> (C:\Users\5C80~1\AppData\Local\Temp\ts-node-dev-hook-9745166305448791.js:71:20)
    at Object.nodeDevHook [as .ts] (C:\study\ts\CDALab-Exam\server\node_modules\ts-node-dev\lib\hook.js:63:13)
    at Module.load (node:internal/modules/cjs/loader:981:32)
[ERROR] 01:48:39 SyntaxError: Cannot use import statement outside a module
[INFO] 01:48:41 Restarting: C:\study\ts\CDALab-Exam\server\index.ts has been modified
[ERROR] 01:48:41 ⨯ Unable to compile TypeScript:
index.ts(2,1): error TS1202: Import assignment cannot be used when targeting ECMAScript modules. Consider using 'import * as ns from "mod"', 'import {a} from "mod"', 'import d from "mod"', or another module format instead.

[INFO] 01:48:42 Restarting: C:\study\ts\CDALab-Exam\server\index.ts has been modified
Compilation error in C:\study\ts\CDALab-Exam\server\index.ts
[ERROR] 01:48:43 ⨯ Unable to compile TypeScript:
index.ts(2,1): error TS1202: Import assignment cannot be used when targeting ECMAScript modules. Consider using 'import * as ns from "mod"', 'import {a} from "mod"', 'import d from "mod"', or another module format instead.
index.ts(40,27): error TS2339: Property 'ti' does not exist on type 'Ticket'.

[INFO] 01:48:43 Restarting: C:\study\ts\CDALab-Exam\server\index.ts has been modified
Compilation error in C:\study\ts\CDALab-Exam\server\index.ts
[ERROR] 01:48:45 ⨯ Unable to compile TypeScript:
index.ts(2,1): error TS1202: Import assignment cannot be used when targeting ECMAScript modules. Consider using 'import * as ns from "mod"', 'import {a} from "mod"', 'import d from "mod"', or another module format instead.

[INFO] 01:48:48 Restarting: C:\study\ts\CDALab-Exam\server\index.ts has been modified
Compilation error in C:\study\ts\CDALab-Exam\server\index.ts
[ERROR] 01:48:49 ⨯ Unable to compile TypeScript:
index.ts(2,1): error TS1202: Import assignment cannot be used when targeting ECMAScript modules. Consider using 'import * as ns from "mod"', 'import {a} from "mod"', 'import d from "mod"', or another module format instead.

[INFO] 01:48:50 Restarting: C:\study\ts\CDALab-Exam\server\index.ts has been modified
Compilation error in C:\study\ts\CDALab-Exam\server\index.ts
[INFO] 01:48:52 Restarting: C:\study\ts\CDALab-Exam\server\index.ts has been modified
Compilation error in C:\study\ts\CDALab-Exam\server\index.ts
[ERROR] 01:48:54 ⨯ Unable to compile TypeScript:
index.ts(2,1): error TS1202: Import assignment cannot be used when targeting ECMAScript modules. Consider using 'import * as ns from "mod"', 'import {a} from "mod"', 'import d from "mod"', or another module format instead.

