npm WARN config global `--global`, `--local` are deprecated. Use `--location=global` instead.

> @fed-exam/server@1.0.0 start
> ts-node-dev index.ts

[INFO] 01:43:21 ts-node-dev ver. 1.1.0 (using ts-node ver. 9.1.1, typescript ver. 3.9.10)
Error [ERR_REQUIRE_ESM]: require() of ES Module C:\study\ts\CDALab-Exam\node_modules\write-json-file\index.js from C:\study\ts\CDALab-Exam\server\index.ts not supported.
Instead change the require of index.js in C:\study\ts\CDALab-Exam\server\index.ts to a dynamic import() which is available in all CommonJS modules.
    at require.extensions..jsx.require.extensions..js (C:\Users\5C80~1\AppData\Local\Temp\ts-node-dev-hook-9140819518152503.js:114:20)
    at Object.nodeDevHook [as .js] (C:\study\ts\CDALab-Exam\server\node_modules\ts-node-dev\lib\hook.js:63:13)
    at Object.<anonymous> (C:\study\ts\CDALab-Exam\server\index.ts:10:25)
    at Module._compile (C:\study\ts\CDALab-Exam\server\node_modules\source-map-support\source-map-support.js:568:25)
    at Module.m._compile (C:\Users\5C80~1\AppData\Local\Temp\ts-node-dev-hook-9140819518152503.js:69:33)
    at require.extensions..jsx.require.extensions..js (C:\Users\5C80~1\AppData\Local\Temp\ts-node-dev-hook-9140819518152503.js:114:20)
    at require.extensions.<computed> (C:\Users\5C80~1\AppData\Local\Temp\ts-node-dev-hook-9140819518152503.js:71:20)
    at Object.nodeDevHook [as .ts] (C:\study\ts\CDALab-Exam\server\node_modules\ts-node-dev\lib\hook.js:63:13)
    at Object.<anonymous> (C:\study\ts\CDALab-Exam\server\node_modules\ts-node-dev\lib\wrap.js:104:1)
    at Module._compile (C:\study\ts\CDALab-Exam\server\node_modules\source-map-support\source-map-support.js:568:25)
    at Object.require.extensions..jsx.require.extensions..js (C:\Users\5C80~1\AppData\Local\Temp\ts-node-dev-hook-9140819518152503.js:95:24)
[ERROR] 01:43:25 Error: require() of ES Module C:\study\ts\CDALab-Exam\node_modules\write-json-file\index.js from C:\study\ts\CDALab-Exam\server\index.ts not supported.
Instead change the require of index.js in C:\study\ts\CDALab-Exam\server\index.ts to a dynamic import() which is available in all CommonJS modules.
[INFO] 01:45:14 Reinitializing TS compilation

C:\study\ts\CDALab-Exam\server\node_modules\ts-node-dev\node_modules\ts-node\src\index.ts:513
    return new TSError(diagnosticText, diagnosticCodes)
           ^
TSError: тип Unable to compile TypeScript:
error TS6046: Argument for '--module' option must be: 'none', 'commonjs', 'amd', 'system', 'umd', 'es6', 'es2015', 'es2020', 'esnext'.

    at createTSError (C:\study\ts\CDALab-Exam\server\node_modules\ts-node-dev\node_modules\ts-node\src\index.ts:513:12)
    at reportTSError (C:\study\ts\CDALab-Exam\server\node_modules\ts-node-dev\node_modules\ts-node\src\index.ts:517:19)
    at create (C:\study\ts\CDALab-Exam\server\node_modules\ts-node-dev\node_modules\ts-node\src\index.ts:528:36)
    at Object.register (C:\study\ts\CDALab-Exam\server\node_modules\ts-node-dev\node_modules\ts-node\src\index.ts:410:19)
    at registerTsNode (C:\study\ts\CDALab-Exam\server\node_modules\ts-node-dev\lib\compiler.js:167:16)
    at Object.init (C:\study\ts\CDALab-Exam\server\node_modules\ts-node-dev\lib\compiler.js:113:9)
    at FSWatcher.restart (C:\study\ts\CDALab-Exam\server\node_modules\ts-node-dev\lib\index.js:217:22)
    at FSWatcher.emit (node:events:527:28)
    at FSWatcher.emit (node:domain:475:12)
    at FSWatcher.emitWithAll (C:\study\ts\CDALab-Exam\server\node_modules\chokidar\index.js:540:8)
