npm WARN config global `--global`, `--local` are deprecated. Use `--location=global` instead.

> @fed-exam/server@1.0.0 start
> ts-node-dev index.ts

[INFO] 15:53:30 ts-node-dev ver. 1.1.0 (using ts-node ver. 9.1.1, typescript ver. 3.9.10)
Compilation error in C:\study\ts\CDALab-Exam\server\index.ts
[ERROR] 15:53:32 ⨯ Unable to compile TypeScript:
index.ts(7,27): error TS1141: String literal expected.

[INFO] 15:54:03 Restarting: C:\study\ts\CDALab-Exam\server\index.ts has been modified
Compilation error in C:\study\ts\CDALab-Exam\server\index.ts
[ERROR] 15:54:04 ⨯ Unable to compile TypeScript:
index.ts(7,27): error TS2307: Cannot find module 'writeJsonFile' or its corresponding type declarations.

[INFO] 15:54:08 Restarting: C:\study\ts\CDALab-Exam\server\index.ts has been modified
Compilation error in C:\study\ts\CDALab-Exam\server\index.ts
Compilation error in C:\study\ts\CDALab-Exam\server\index.ts
[ERROR] 15:54:09 ⨯ Unable to compile TypeScript:
index.ts(7,27): error TS2307: Cannot find module 'writeJsonFile' or its corresponding type declarations.

[INFO] 15:54:22 Restarting: C:\study\ts\CDALab-Exam\server\index.ts has been modified
Compilation error in C:\study\ts\CDALab-Exam\server\index.ts
[ERROR] 15:54:22 ⨯ Unable to compile TypeScript:
index.ts(7,27): error TS1141: String literal expected.

[INFO] 16:06:39 Restarting: C:\study\ts\CDALab-Exam\server\index.ts has been modified
Compilation error in C:\study\ts\CDALab-Exam\server\index.ts
[ERROR] 16:06:40 ⨯ Unable to compile TypeScript:
index.ts(7,14): error TS2503: Cannot find namespace 'writeJsonFile'.
index.ts(39,2): error TS2304: Cannot find name 'writeJsonFile'.
index.ts(7,14): error TS1005: '=' expected.

[INFO] 16:06:43 Restarting: C:\study\ts\CDALab-Exam\server\index.ts has been modified
Compilation error in C:\study\ts\CDALab-Exam\server\index.ts
[ERROR] 16:06:43 ⨯ Unable to compile TypeScript:
index.ts(38,2): error TS2304: Cannot find name 'writeJsonFile'.
index.ts(9,1): error TS1005: '=' expected.

[INFO] 16:06:51 Restarting: C:\study\ts\CDALab-Exam\server\index.ts has been modified
Compilation error in C:\study\ts\CDALab-Exam\server\index.ts
[ERROR] 16:06:52 ⨯ Unable to compile TypeScript:
index.ts(38,2): error TS2304: Cannot find name 'writeJsonFile'.

[INFO] 16:06:58 Restarting: C:\study\ts\CDALab-Exam\server\index.ts has been modified
Compilation error in C:\study\ts\CDALab-Exam\server\index.ts
[ERROR] 16:06:59 ⨯ Unable to compile TypeScript:
index.ts(38,2): error TS2304: Cannot find name 'writeJsonFile'.

[INFO] 16:07:11 Restarting: C:\study\ts\CDALab-Exam\server\index.ts has been modified
Compilation error in C:\study\ts\CDALab-Exam\server\index.ts
[ERROR] 16:07:11 ⨯ Unable to compile TypeScript:
index.ts(36,8): error TS7022: 'ticket' implicitly has type 'any' because it does not have a type annotation and is referenced directly or indirectly in its own initializer.
index.ts(36,15): error TS2349: This expression is not callable.
  Type 'Ticket' has no call signatures.
index.ts(38,65): error TS2448: Block-scoped variable 'ticket' used before its declaration.
index.ts(38,86): error TS2448: Block-scoped variable 'ticket' used before its declaration.
index.ts(38,114): error TS2448: Block-scoped variable 'ticket' used before its declaration.
index.ts(38,144): error TS2448: Block-scoped variable 'ticket' used before its declaration.
index.ts(38,168): error TS2448: Block-scoped variable 'ticket' used before its declaration.

[INFO] 16:07:12 Restarting: C:\study\ts\CDALab-Exam\server\index.ts has been modified
Compilation error in C:\study\ts\CDALab-Exam\server\index.ts
[ERROR] 16:07:13 ⨯ Unable to compile TypeScript:
index.ts(36,8): error TS7022: 'ticket' implicitly has type 'any' because it does not have a type annotation and is referenced directly or indirectly in its own initializer.
index.ts(36,15): error TS2349: This expression is not callable.
  Type 'Ticket' has no call signatures.
index.ts(38,65): error TS2448: Block-scoped variable 'ticket' used before its declaration.
index.ts(38,86): error TS2448: Block-scoped variable 'ticket' used before its declaration.
index.ts(38,114): error TS2448: Block-scoped variable 'ticket' used before its declaration.
index.ts(38,144): error TS2448: Block-scoped variable 'ticket' used before its declaration.
index.ts(38,168): error TS2448: Block-scoped variable 'ticket' used before its declaration.

[INFO] 16:07:17 Restarting: C:\study\ts\CDALab-Exam\server\index.ts has been modified
[ERROR] 16:07:17 ⨯ Unable to compile TypeScript:
index.ts(36,8): error TS7022: 'ticket' implicitly has type 'any' because it does not have a type annotation and is referenced directly or indirectly in its own initializer.
index.ts(36,15): error TS2349: This expression is not callable.
  Type 'Ticket' has no call signatures.
index.ts(38,65): error TS2448: Block-scoped variable 'ticket' used before its declaration.
index.ts(38,86): error TS2448: Block-scoped variable 'ticket' used before its declaration.
index.ts(38,114): error TS2448: Block-scoped variable 'ticket' used before its declaration.
index.ts(38,144): error TS2448: Block-scoped variable 'ticket' used before its declaration.
index.ts(38,168): error TS2448: Block-scoped variable 'ticket' used before its declaration.

[INFO] 16:07:45 Restarting: C:\study\ts\CDALab-Exam\server\index.ts has been modified
Compilation error in C:\study\ts\CDALab-Exam\server\index.ts
[ERROR] 16:07:46 ⨯ Unable to compile TypeScript:
index.ts(37,5): error TS2551: Property 'rea' does not exist on type 'typeof import("fs")'. Did you mean 'read'?

[INFO] 16:07:48 Restarting: C:\study\ts\CDALab-Exam\server\index.ts has been modified
Compilation error in C:\study\ts\CDALab-Exam\server\index.ts
[ERROR] 16:07:49 ⨯ Unable to compile TypeScript:
index.ts(37,2): error TS2349: This expression is not callable.
  Type 'void' has no call signatures.
index.ts(37,5): error TS2554: Expected 2-3 arguments, but got 0.

[INFO] 16:07:50 Restarting: C:\study\ts\CDALab-Exam\server\index.ts has been modified
Compilation error in C:\study\ts\CDALab-Exam\server\index.ts
[ERROR] 16:07:51 ⨯ Unable to compile TypeScript:
index.ts(37,2): error TS2349: This expression is not callable.
  Type 'void' has no call signatures.
index.ts(37,5): error TS2554: Expected 2-3 arguments, but got 1.

[INFO] 16:07:52 Restarting: C:\study\ts\CDALab-Exam\server\index.ts has been modified
Compilation error in C:\study\ts\CDALab-Exam\server\index.ts
[ERROR] 16:07:53 ⨯ Unable to compile TypeScript:
index.ts(37,2): error TS2349: This expression is not callable.
  Type 'void' has no call signatures.
index.ts(37,5): error TS2554: Expected 2-3 arguments, but got 1.

[INFO] 16:07:58 Restarting: C:\study\ts\CDALab-Exam\server\index.ts has been modified
Compilation error in C:\study\ts\CDALab-Exam\server\index.ts
[ERROR] 16:07:59 ⨯ Unable to compile TypeScript:
index.ts(37,2): error TS2349: This expression is not callable.
  Type 'void' has no call signatures.
index.ts(37,5): error TS2554: Expected 2-3 arguments, but got 1.

[INFO] 16:08:03 Restarting: C:\study\ts\CDALab-Exam\server\index.ts has been modified
Compilation error in C:\study\ts\CDALab-Exam\server\index.ts
[ERROR] 16:08:04 ⨯ Unable to compile TypeScript:
index.ts(37,2): error TS2349: This expression is not callable.
  Type 'void' has no call signatures.
index.ts(37,28): error TS2345: Argument of type '"utf-8"' is not assignable to parameter of type '(err: ErrnoException | null, data: Buffer) => void'.

[INFO] 16:08:06 Restarting: C:\study\ts\CDALab-Exam\server\index.ts has been modified
Compilation error in C:\study\ts\CDALab-Exam\server\index.ts
[ERROR] 16:08:07 ⨯ Unable to compile TypeScript:
index.ts(37,2): error TS2349: This expression is not callable.
  Type 'void' has no call signatures.
index.ts(37,28): error TS2345: Argument of type '"utf-8"' is not assignable to parameter of type '(err: ErrnoException | null, data: Buffer) => void'.

[INFO] 16:08:20 Restarting: C:\study\ts\CDALab-Exam\server\index.ts has been modified
Compilation error in C:\study\ts\CDALab-Exam\server\index.ts
[ERROR] 16:08:21 ⨯ Unable to compile TypeScript:
index.ts(37,2): error TS2349: This expression is not callable.
  Type 'void' has no call signatures.
index.ts(37,52): error TS1109: Expression expected.

[INFO] 16:08:22 Restarting: C:\study\ts\CDALab-Exam\server\index.ts has been modified
Compilation error in C:\study\ts\CDALab-Exam\server\index.ts
[ERROR] 16:08:23 ⨯ Unable to compile TypeScript:
index.ts(37,2): error TS2349: This expression is not callable.
  Type 'void' has no call signatures.

[INFO] 16:08:37 Restarting: C:\study\ts\CDALab-Exam\server\index.ts has been modified
starting server { serverAPIPort: 3232, APIPath: '/api/tickets' }
server running 3232
[INFO] 16:08:41 Restarting: C:\study\ts\CDALab-Exam\server\index.ts has been modified
starting server { serverAPIPort: 3232, APIPath: '/api/tickets' }
server running 3232
[INFO] 16:08:46 Restarting: C:\study\ts\CDALab-Exam\server\index.ts has been modified
starting server { serverAPIPort: 3232, APIPath: '/api/tickets' }
server running 3232
[INFO] 16:08:49 Restarting: C:\study\ts\CDALab-Exam\server\index.ts has been modified
starting server { serverAPIPort: 3232, APIPath: '/api/tickets' }
server running 3232
[INFO] 16:09:11 Restarting: C:\study\ts\CDALab-Exam\server\index.ts has been modified
starting server { serverAPIPort: 3232, APIPath: '/api/tickets' }
server running 3232
[INFO] 16:09:14 Restarting: C:\study\ts\CDALab-Exam\server\index.ts has been modified
starting server { serverAPIPort: 3232, APIPath: '/api/tickets' }
server running 3232
[INFO] 16:09:19 Restarting: C:\study\ts\CDALab-Exam\server\index.ts has been modified
Compilation error in C:\study\ts\CDALab-Exam\server\index.ts
[ERROR] 16:09:19 ⨯ Unable to compile TypeScript:
index.ts(42,2): error TS1109: Expression expected.

[INFO] 16:09:22 Restarting: C:\study\ts\CDALab-Exam\server\index.ts has been modified
Compilation error in C:\study\ts\CDALab-Exam\server\index.ts
[ERROR] 16:09:23 ⨯ Unable to compile TypeScript:
index.ts(42,2): error TS1109: Expression expected.

[INFO] 16:09:39 Restarting: C:\study\ts\CDALab-Exam\server\index.ts has been modified
Compilation error in C:\study\ts\CDALab-Exam\server\index.ts
[ERROR] 16:09:39 ⨯ Unable to compile TypeScript:
index.ts(41,4): error TS1156: 'const' declarations can only be declared inside a block.
index.ts(41,15): error TS2552: Cannot find name 'Json'. Did you mean 'JSON'?

[INFO] 16:09:44 Restarting: C:\study\ts\CDALab-Exam\server\index.ts has been modified
Compilation error in C:\study\ts\CDALab-Exam\server\index.ts
[ERROR] 16:09:45 ⨯ Unable to compile TypeScript:
index.ts(41,4): error TS1156: 'const' declarations can only be declared inside a block.

[INFO] 16:09:47 Restarting: C:\study\ts\CDALab-Exam\server\index.ts has been modified
Compilation error in C:\study\ts\CDALab-Exam\server\index.ts
[ERROR] 16:09:48 ⨯ Unable to compile TypeScript:
index.ts(41,4): error TS1156: 'const' declarations can only be declared inside a block.
index.ts(41,26): error TS2552: Cannot find name 'json'. Did you mean 'JSON'?

[INFO] 16:09:49 Restarting: C:\study\ts\CDALab-Exam\server\index.ts has been modified
Compilation error in C:\study\ts\CDALab-Exam\server\index.ts
[ERROR] 16:09:51 ⨯ Unable to compile TypeScript:
index.ts(42,4): error TS1156: 'const' declarations can only be declared inside a block.
index.ts(42,26): error TS2345: Argument of type '(options?: OptionsJson | undefined) => NextHandleFunction' is not assignable to parameter of type 'string'.

[INFO] 16:09:52 Restarting: C:\study\ts\CDALab-Exam\server\index.ts has been modified
Compilation error in C:\study\ts\CDALab-Exam\server\index.ts
[ERROR] 16:09:55 ⨯ Unable to compile TypeScript:
index.ts(42,4): error TS1156: 'const' declarations can only be declared inside a block.

[INFO] 16:09:55 Restarting: C:\study\ts\CDALab-Exam\server\index.ts has been modified

<--- Last few GCs --->

[23708:0000027291948AD0]   987148 ms: Scavenge 2025.6 (2077.0) -> 2022.1 (2078.3) MB, 7.3 / 0.0 ms  (average mu = 0.921, current mu = 0.739) allocation failure 
[23708:0000027291948AD0]   987169 ms: Scavenge 2026.8 (2078.3) -> 2023.5 (2081.0) MB, 6.8 / 0.0 ms  (average mu = 0.921, current mu = 0.739) allocation failure 
[23708:0000027291948AD0]   987412 ms: Scavenge 2029.8 (2081.2) -> 2026.8 (2098.5) MB, 230.5 / 0.0 ms  (average mu = 0.921, current mu = 0.739) allocation failure 


<--- JS stacktrace --->

FATAL ERROR: Reached heap limit Allocation failed - JavaScript heap out of memory
 1: 00007FF7506B79CF v8::internal::CodeObjectRegistry::~CodeObjectRegistry+114207
 2: 00007FF750646096 DSA_meth_get_flags+65542
 3: 00007FF750646F4D node::OnFatalError+301
 4: 00007FF750F7B1EE v8::Isolate::ReportExternalAllocationLimitReached+94
 5: 00007FF750F657CD v8::SharedArrayBuffer::Externalize+781
 6: 00007FF750E08B9C v8::internal::Heap::EphemeronKeyWriteBarrierFromCode+1468
 7: 00007FF750E05CB4 v8::internal::Heap::CollectGarbage+4244
 8: 00007FF750E03630 v8::internal::Heap::AllocateExternalBackingStore+2000
 9: 00007FF750E281B6 v8::internal::Factory::NewFillerObject+214
10: 00007FF750B5A685 v8::internal::DateCache::Weekday+1797
11: 00007FF751008EE1 v8::internal::SetupIsolateDelegate::SetupHeap+494417
12: 00007FF750F9DDEE v8::internal::SetupIsolateDelegate::SetupHeap+55902
13: 000002729374A25E 
