npm WARN config global `--global`, `--local` are deprecated. Use `--location=global` instead.

> @fed-exam/server@1.0.0 start
> ts-node-dev index.ts

[INFO] 01:49:14 ts-node-dev ver. 1.1.0 (using ts-node ver. 9.1.1, typescript ver. 3.9.10)
Compilation error in C:\study\ts\CDALab-Exam\server\index.ts
[ERROR] 01:49:17 тип Unable to compile TypeScript:
index.ts(2,1): error TS1202: Import assignment cannot be used when targeting ECMAScript modules. Consider using 'import * as ns from "mod"', 'import {a} from "mod"', 'import d from "mod"', or another module format instead.

[INFO] 01:50:17 Reinitializing TS compilation
[INFO] 01:50:17 Restarting: C:\study\ts\CDALab-Exam\server\tsconfig.json has been modified
Error [ERR_REQUIRE_ESM]: require() of ES Module C:\study\ts\CDALab-Exam\node_modules\write-json-file\index.js from C:\study\ts\CDALab-Exam\server\index.ts not supported.
Instead change the require of index.js in C:\study\ts\CDALab-Exam\server\index.ts to a dynamic import() which is available in all CommonJS modules.
    at require.extensions..jsx.require.extensions..js (C:\Users\5C80~1\AppData\Local\Temp\ts-node-dev-hook-33364001370276664.js:114:20)
    at Object.nodeDevHook [as .js] (C:\study\ts\CDALab-Exam\server\node_modules\ts-node-dev\lib\hook.js:63:13)
    at Object.<anonymous> (C:\study\ts\CDALab-Exam\server\index.ts:10:27)
    at Module._compile (C:\study\ts\CDALab-Exam\server\node_modules\source-map-support\source-map-support.js:568:25)
    at Module.m._compile (C:\Users\5C80~1\AppData\Local\Temp\ts-node-dev-hook-33364001370276664.js:69:33)
    at require.extensions..jsx.require.extensions..js (C:\Users\5C80~1\AppData\Local\Temp\ts-node-dev-hook-33364001370276664.js:114:20)
    at require.extensions.<computed> (C:\Users\5C80~1\AppData\Local\Temp\ts-node-dev-hook-33364001370276664.js:71:20)
    at Object.nodeDevHook [as .ts] (C:\study\ts\CDALab-Exam\server\node_modules\ts-node-dev\lib\hook.js:63:13)
    at Object.<anonymous> (C:\study\ts\CDALab-Exam\server\node_modules\ts-node-dev\lib\wrap.js:104:1)
    at Module._compile (C:\study\ts\CDALab-Exam\server\node_modules\source-map-support\source-map-support.js:568:25)
    at Object.require.extensions..jsx.require.extensions..js (C:\Users\5C80~1\AppData\Local\Temp\ts-node-dev-hook-33364001370276664.js:95:24)
[ERROR] 01:50:20 Error: require() of ES Module C:\study\ts\CDALab-Exam\node_modules\write-json-file\index.js from C:\study\ts\CDALab-Exam\server\index.ts not supported.
Instead change the require of index.js in C:\study\ts\CDALab-Exam\server\index.ts to a dynamic import() which is available in all CommonJS modules.
[INFO] 01:51:48 Restarting: C:\study\ts\CDALab-Exam\server\index.ts has been modified
Compilation error in C:\study\ts\CDALab-Exam\server\index.ts
Compilation error in C:\study\ts\CDALab-Exam\server\index.ts
Error [ERR_REQUIRE_ESM]: require() of ES Module C:\study\ts\CDALab-Exam\node_modules\write-json-file\index.js from C:\study\ts\CDALab-Exam\server\index.ts not supported.
Instead change the require of index.js in C:\study\ts\CDALab-Exam\server\index.ts to a dynamic import() which is available in all CommonJS modules.
    at require.extensions..jsx.require.extensions..js (C:\Users\5C80~1\AppData\Local\Temp\ts-node-dev-hook-33364001370276664.js:114:20)
    at Object.nodeDevHook [as .js] (C:\study\ts\CDALab-Exam\server\node_modules\ts-node-dev\lib\hook.js:63:13)
    at Object.<anonymous> (C:\study\ts\CDALab-Exam\server\index.ts:10:27)
    at Module._compile (C:\study\ts\CDALab-Exam\server\node_modules\source-map-support\source-map-support.js:568:25)
    at Module.m._compile (C:\Users\5C80~1\AppData\Local\Temp\ts-node-dev-hook-33364001370276664.js:69:33)
    at require.extensions..jsx.require.extensions..js (C:\Users\5C80~1\AppData\Local\Temp\ts-node-dev-hook-33364001370276664.js:114:20)
    at require.extensions.<computed> (C:\Users\5C80~1\AppData\Local\Temp\ts-node-dev-hook-33364001370276664.js:71:20)
    at Object.nodeDevHook [as .ts] (C:\study\ts\CDALab-Exam\server\node_modules\ts-node-dev\lib\hook.js:63:13)
    at Object.<anonymous> (C:\study\ts\CDALab-Exam\server\node_modules\ts-node-dev\lib\wrap.js:104:1)
    at Module._compile (C:\study\ts\CDALab-Exam\server\node_modules\source-map-support\source-map-support.js:568:25)
    at Object.require.extensions..jsx.require.extensions..js (C:\Users\5C80~1\AppData\Local\Temp\ts-node-dev-hook-33364001370276664.js:95:24)
[ERROR] 01:51:49 тип Unable to compile TypeScript:
index.ts(2,24): error TS1141: String literal expected.

[INFO] 01:51:49 Restarting: C:\study\ts\CDALab-Exam\server\index.ts has been modified
[ERROR] 01:51:53 Error: require() of ES Module C:\study\ts\CDALab-Exam\node_modules\write-json-file\index.js from C:\study\ts\CDALab-Exam\server\index.ts not supported.
Instead change the require of index.js in C:\study\ts\CDALab-Exam\server\index.ts to a dynamic import() which is available in all CommonJS modules.
[INFO] 01:52:22 Reinitializing TS compilation
[INFO] 01:52:22 Restarting: C:\study\ts\CDALab-Exam\server\tsconfig.json has been modified
(node:34220) Warning: To load an ES module, set "type": "module" in the package.json or use the .mjs extension.
(Use `node --trace-warnings ...` to show where the warning was created)
C:\study\ts\CDALab-Exam\server\index.ts:1
import express from 'express';
^^^^^^

SyntaxError: Cannot use import statement outside a module
    at Object.compileFunction (node:vm:352:18)
    at wrapSafe (node:internal/modules/cjs/loader:1033:15)
    at Module._compile (node:internal/modules/cjs/loader:1069:27)
    at Module._compile (C:\study\ts\CDALab-Exam\server\node_modules\source-map-support\source-map-support.js:568:25)
    at Module.m._compile (C:\Users\5C80~1\AppData\Local\Temp\ts-node-dev-hook-33364001370276664.js:69:33)
    at Module._extensions..js (node:internal/modules/cjs/loader:1159:10)
    at require.extensions..jsx.require.extensions..js (C:\Users\5C80~1\AppData\Local\Temp\ts-node-dev-hook-33364001370276664.js:114:20)
    at require.extensions.<computed> (C:\Users\5C80~1\AppData\Local\Temp\ts-node-dev-hook-33364001370276664.js:71:20)
    at Object.nodeDevHook [as .ts] (C:\study\ts\CDALab-Exam\server\node_modules\ts-node-dev\lib\hook.js:63:13)
    at Module.load (node:internal/modules/cjs/loader:981:32)
[ERROR] 01:52:25 SyntaxError: Cannot use import statement outside a module
^C^CTerminate batch job (Y/N)? 